<?xml version="1.0" encoding="UTF-8"?>
<!-- Generated by org.testng.reporters.JUnitReportReporter -->
<testsuite hostname="LAPTOP-LL5CK3S2" failures="0" tests="3" name="Practice.TestNGPractice" time="0.010" errors="0" timestamp="2024-10-27T09:02:06 IST" skipped="0">
  <testcase classname="Practice.TestNGPractice" name="deleteuser" time="0.008"/>
  <testcase classname="Practice.TestNGPractice" name="modifyuser" time="0.001"/>
  <testcase classname="Practice.TestNGPractice" name="createuser" time="0.001"/>
</testsuite> <!-- Practice.TestNGPractice -->
