<?xml version="1.0" encoding="UTF-8"?>
<!-- Generated by org.testng.reporters.JUnitReportReporter -->
<testsuite hostname="LAPTOP-LL5CK3S2" failures="0" tests="6" name="Practice.TestNGPracticeInvocation" time="0.017" errors="0" timestamp="2024-10-27T10:22:22 IST" skipped="0">
  <testcase classname="Practice.TestNGPracticeInvocation" name="createUser" time="0.012"/>
  <testcase classname="Practice.TestNGPracticeInvocation" name="modifyuser" time="0.001"/>
  <testcase classname="Practice.TestNGPracticeInvocation" name="deleteUser" time="0.001"/>
  <testcase classname="Practice.TestNGPracticeInvocation" name="createuser" time="0.001"/>
  <testcase classname="Practice.TestNGPracticeInvocation" name="createuser" time="0.001"/>
  <testcase classname="Practice.TestNGPracticeInvocation" name="createuser" time="0.001"/>
</testsuite> <!-- Practice.TestNGPracticeInvocation -->
