<?xml version="1.0" encoding="UTF-8"?>
<!-- Generated by org.testng.reporters.JUnitReportReporter -->
<testsuite hostname="LAPTOP-LL5CK3S2" failures="0" tests="2" name="Practice.HardAssertionProgram" time="0.013" errors="0" timestamp="2024-10-28T10:38:51 IST" skipped="0">
  <testcase classname="Practice.HardAssertionProgram" name="strictcomparisonHardAssert" time="0.011"/>
  <testcase classname="Practice.HardAssertionProgram" name="containscomparisonHardAssert" time="0.002"/>
</testsuite> <!-- Practice.HardAssertionProgram -->
